SF:lib\data\datasources\tv_local_data_source.dart
DA:16,1
DA:18,1
DA:21,2
DA:24,2
DA:28,1
DA:31,2
DA:34,2
DA:38,1
DA:40,2
DA:42,1
DA:48,1
DA:50,2
DA:51,4
LF:13
LH:13
end_of_record
SF:lib\domain\entities\genre.dart
DA:4,8
DA:12,2
DA:13,6
LF:3
LH:3
end_of_record
SF:lib\domain\entities\season.dart
DA:4,8
DA:22,2
DA:23,2
DA:24,2
DA:25,2
DA:26,2
DA:27,2
DA:29,2
DA:30,2
LF:9
LH:9
end_of_record
SF:lib\domain\entities\episode.dart
DA:4,4
DA:36,2
DA:37,2
DA:38,2
DA:39,2
DA:40,2
DA:41,2
DA:42,2
DA:43,2
DA:44,2
DA:45,2
DA:46,2
DA:47,2
DA:48,2
DA:49,2
DA:50,2
DA:51,2
LF:17
LH:17
end_of_record
SF:lib\domain\entities\tv_show.dart
DA:5,15
DA:21,1
DA:42,8
DA:43,8
DA:44,8
DA:45,8
DA:46,8
DA:47,8
DA:48,8
DA:49,8
DA:50,8
DA:51,8
DA:52,8
DA:53,8
DA:54,8
DA:55,8
DA:56,8
LF:17
LH:17
end_of_record
SF:lib\domain\entities\tv_detail.dart
DA:8,8
DA:58,2
DA:59,2
DA:60,2
DA:61,2
DA:62,2
DA:63,2
DA:64,2
DA:65,2
DA:66,2
DA:67,2
DA:68,2
DA:69,2
DA:70,2
DA:71,2
DA:72,2
DA:73,2
DA:74,2
DA:75,2
DA:76,2
DA:77,2
DA:78,2
DA:79,2
DA:80,2
DA:81,2
DA:82,2
LF:26
LH:26
end_of_record
SF:lib\domain\entities\season_detail.dart
DA:6,4
DA:26,2
DA:27,2
DA:28,2
DA:29,2
DA:30,2
DA:31,2
DA:32,2
DA:33,2
DA:34,2
DA:35,2
LF:11
LH:11
end_of_record
SF:lib\data\datasources\tv_remote_data_source.dart
DA:24,1
DA:26,1
DA:29,3
DA:31,2
DA:32,4
DA:34,1
DA:38,1
DA:40,4
DA:42,2
DA:43,3
DA:45,1
DA:49,1
DA:51,1
DA:52,3
DA:54,2
DA:55,4
DA:57,1
DA:61,1
DA:64,3
DA:66,2
DA:67,4
DA:69,1
DA:73,1
DA:76,3
DA:78,2
DA:79,4
DA:81,1
DA:85,1
DA:87,1
DA:88,3
DA:90,2
DA:91,4
DA:93,1
DA:97,1
DA:100,1
DA:101,3
DA:103,2
DA:104,3
DA:106,1
LF:39
LH:39
end_of_record
SF:lib\data\models\season\season_detail.dart
DA:6,2
DA:26,1
DA:27,1
DA:28,1
DA:29,1
DA:30,1
DA:31,4
DA:32,1
DA:33,1
DA:34,1
DA:35,1
DA:36,1
DA:39,1
DA:40,1
DA:41,1
DA:42,1
DA:43,5
DA:44,1
DA:45,1
DA:46,1
DA:47,1
DA:48,1
DA:52,1
DA:53,1
DA:54,1
DA:55,1
DA:56,1
DA:57,1
DA:58,1
DA:59,1
DA:60,1
DA:61,1
DA:66,2
DA:98,2
DA:99,1
DA:100,1
DA:101,1
DA:102,1
DA:103,1
DA:104,1
DA:105,1
DA:106,1
DA:107,1
DA:108,1
DA:109,2
DA:110,1
DA:111,3
DA:112,3
DA:115,1
DA:116,1
DA:117,1
DA:118,1
DA:119,1
DA:120,1
DA:121,1
DA:122,1
DA:123,1
DA:124,1
DA:125,1
DA:126,1
DA:127,1
DA:128,1
DA:129,1
DA:130,1
DA:134,1
DA:135,1
DA:136,1
DA:137,1
DA:138,1
DA:139,1
DA:140,1
DA:141,1
DA:142,1
DA:143,1
DA:144,1
DA:145,1
DA:146,1
DA:147,1
DA:148,1
DA:149,1
LF:80
LH:80
end_of_record
SF:lib\data\models\tv_detail_model.dart
DA:12,2
DA:80,1
DA:81,1
DA:82,1
DA:83,1
DA:84,4
DA:85,4
DA:86,2
DA:87,1
DA:88,4
DA:89,1
DA:90,1
DA:91,1
DA:92,4
DA:93,2
DA:95,2
DA:96,1
DA:97,1
DA:98,1
DA:99,4
DA:100,1
DA:101,1
DA:102,4
DA:103,1
DA:104,1
DA:105,1
DA:106,2
DA:107,1
DA:109,4
DA:111,4
DA:112,1
DA:113,4
DA:114,2
DA:115,3
DA:116,1
DA:117,1
DA:118,1
DA:119,2
DA:120,1
DA:123,1
DA:124,1
DA:125,1
DA:126,5
DA:127,1
DA:128,1
DA:129,1
DA:130,1
DA:131,1
DA:132,1
DA:133,1
DA:134,1
DA:135,5
DA:136,1
DA:137,1
DA:138,1
DA:139,1
DA:140,1
DA:141,1
DA:142,1
DA:143,1
DA:144,1
DA:145,1
DA:146,1
DA:147,1
DA:151,1
DA:152,1
DA:153,1
DA:154,1
DA:155,1
DA:156,1
DA:157,1
DA:158,1
DA:159,1
DA:160,1
DA:161,1
DA:162,1
DA:163,1
DA:164,1
DA:165,1
DA:166,1
DA:167,1
DA:168,1
DA:169,1
DA:170,1
DA:171,1
DA:172,1
DA:173,1
DA:174,1
DA:175,1
DA:176,1
DA:177,1
DA:178,1
DA:179,1
DA:180,1
DA:181,1
DA:182,1
DA:183,1
DA:184,1
LF:98
LH:98
end_of_record
SF:lib\data\models\genre_tv_model.dart
DA:5,2
DA:13,2
DA:14,1
DA:15,1
DA:18,1
DA:19,3
DA:22,1
DA:23,3
LF:8
LH:8
end_of_record
SF:lib\data\models\last_episode_to_air_model.dart
DA:4,2
DA:32,1
DA:33,1
DA:34,2
DA:35,1
DA:36,1
DA:37,1
DA:38,1
DA:39,1
DA:40,1
DA:41,1
DA:42,1
DA:43,1
DA:44,1
DA:45,1
DA:48,1
DA:49,1
DA:50,1
DA:51,1
DA:52,1
DA:53,1
DA:54,1
DA:55,1
DA:56,1
DA:57,1
DA:58,1
DA:59,1
LF:27
LH:27
end_of_record
SF:lib\data\models\network_model.dart
DA:4,2
DA:16,2
DA:17,1
DA:18,1
DA:19,1
DA:20,1
DA:23,1
DA:24,1
DA:25,1
DA:26,1
DA:27,1
DA:28,1
LF:12
LH:12
end_of_record
SF:lib\data\models\season_model.dart
DA:5,2
DA:23,2
DA:24,3
DA:26,2
DA:27,1
DA:28,1
DA:29,1
DA:30,1
DA:31,1
DA:32,1
DA:35,1
DA:36,1
DA:37,1
DA:38,1
DA:39,1
DA:40,1
DA:41,1
DA:42,1
DA:43,1
DA:47,1
DA:48,1
DA:49,1
DA:50,1
DA:51,1
DA:52,1
DA:54,1
DA:55,1
LF:27
LH:27
end_of_record
SF:lib\data\models\spoken_language_model.dart
DA:4,2
DA:14,1
DA:15,1
DA:16,1
DA:17,1
DA:18,1
DA:21,1
DA:22,1
DA:23,1
DA:24,1
DA:25,1
LF:11
LH:11
end_of_record
SF:lib\data\models\tv_model.dart
DA:19,4
DA:35,4
DA:36,2
DA:37,8
DA:38,2
DA:39,8
DA:40,2
DA:41,2
DA:42,2
DA:43,4
DA:44,2
DA:45,4
DA:46,2
DA:47,4
DA:48,2
DA:51,2
DA:52,1
DA:53,4
DA:54,1
DA:55,4
DA:56,1
DA:57,1
DA:58,1
DA:59,1
DA:60,1
DA:62,13
DA:63,1
DA:64,1
DA:65,1
DA:68,2
DA:69,2
DA:70,2
DA:71,2
DA:72,2
DA:73,2
DA:74,2
DA:75,2
DA:76,2
DA:77,2
DA:78,2
DA:79,2
DA:80,2
DA:81,2
DA:82,2
DA:86,2
DA:88,2
DA:89,2
DA:90,2
DA:91,2
DA:92,2
DA:93,2
DA:94,2
DA:95,2
DA:96,2
DA:97,2
DA:98,2
DA:99,2
DA:100,2
DA:101,2
LF:59
LH:59
end_of_record
SF:lib\data\models\tv_response.dart
DA:9,2
DA:11,4
DA:12,4
DA:13,6
DA:14,6
DA:17,2
DA:18,5
DA:21,1
DA:22,2
LF:9
LH:9
end_of_record
SF:lib\data\models\tv_table.dart
DA:11,2
DA:18,2
DA:19,1
DA:20,1
DA:21,1
DA:22,1
DA:25,2
DA:26,1
DA:27,1
DA:28,1
DA:29,1
DA:31,2
DA:32,4
DA:34,2
DA:35,10
LF:15
LH:15
end_of_record
SF:lib\data\repositories\tv_repository_impl.dart
DA:17,1
DA:22,1
DA:25,2
DA:26,5
DA:27,1
DA:28,2
DA:29,1
DA:30,2
DA:34,1
DA:37,2
DA:38,5
DA:39,1
DA:40,2
DA:41,1
DA:42,2
DA:46,1
DA:49,2
DA:50,2
DA:51,1
DA:52,2
DA:53,1
DA:54,2
DA:58,1
DA:61,2
DA:62,3
DA:63,1
DA:64,2
DA:65,1
DA:66,2
DA:70,1
DA:73,2
DA:74,5
DA:75,1
DA:76,2
DA:77,1
DA:78,2
DA:82,1
DA:85,2
DA:86,5
DA:87,1
DA:88,2
DA:89,1
DA:90,2
DA:94,1
DA:98,2
DA:99,2
DA:100,1
DA:101,2
DA:102,1
DA:103,2
DA:107,1
DA:109,2
DA:110,5
DA:113,1
DA:115,2
DA:119,1
DA:123,3
DA:124,1
DA:125,1
DA:126,3
DA:132,1
DA:136,3
DA:137,1
DA:138,1
DA:139,3
LF:65
LH:65
end_of_record
SF:lib\domain\usecases\get_on_the_air_tv_shows.dart
DA:10,1
DA:12,1
DA:13,2
LF:3
LH:3
end_of_record
SF:lib\domain\usecases\get_popular_tv_shows.dart
DA:9,1
DA:11,1
DA:12,2
LF:3
LH:3
end_of_record
SF:lib\domain\usecases\get_top_rated_tv_shows.dart
DA:9,1
DA:11,1
DA:12,2
LF:3
LH:3
end_of_record
SF:lib\domain\usecases\get_tv_season_detail.dart
DA:10,1
DA:12,1
DA:13,2
LF:3
LH:3
end_of_record
SF:lib\domain\usecases\get_tv_show_detail.dart
DA:10,1
DA:12,1
DA:13,2
LF:3
LH:3
end_of_record
SF:lib\domain\usecases\get_tv_show_recommendations.dart
DA:10,1
DA:12,1
DA:13,2
LF:3
LH:3
end_of_record
SF:lib\domain\usecases\get_watchlist_tv_shows.dart
DA:10,1
DA:12,1
DA:13,2
LF:3
LH:3
end_of_record
SF:lib\domain\usecases\get_watchlist_tv_status.dart
DA:6,1
DA:8,1
DA:9,2
LF:3
LH:3
end_of_record
SF:lib\domain\usecases\remove_watchlist_tv.dart
DA:9,1
DA:11,1
DA:12,2
LF:3
LH:3
end_of_record
SF:lib\domain\usecases\save_watchlist_tv.dart
DA:10,1
DA:12,1
DA:13,2
LF:3
LH:3
end_of_record
SF:lib\domain\usecases\search_tv_shows.dart
DA:10,1
DA:12,1
DA:13,2
LF:3
LH:3
end_of_record
SF:lib\presentation\bloc\tv_event.dart
DA:4,13
DA:16,2
DA:22,3
DA:28,2
DA:36,3
DA:41,3
DA:47,3
DA:53,1
LF:8
LH:8
end_of_record
SF:lib\presentation\bloc\tv_bloc.dart
DA:15,3
DA:16,2
DA:17,2
DA:18,2
DA:20,2
DA:21,3
DA:22,1
DA:23,2
DA:32,3
DA:33,2
DA:34,2
DA:35,2
DA:37,2
DA:38,3
DA:39,1
DA:40,2
DA:49,3
DA:50,2
DA:51,2
DA:52,2
DA:54,2
DA:55,3
DA:56,1
DA:57,2
DA:66,3
DA:67,2
DA:68,2
DA:69,3
DA:71,2
DA:72,3
DA:73,1
DA:74,2
DA:83,3
DA:84,2
DA:85,2
DA:86,3
DA:88,2
DA:89,3
DA:90,1
DA:91,2
DA:106,1
DA:111,2
DA:112,2
DA:113,2
DA:114,2
DA:116,2
DA:117,3
DA:118,1
DA:119,2
DA:123,2
DA:124,2
DA:125,3
DA:127,2
DA:130,2
DA:131,2
DA:132,3
DA:134,2
DA:135,3
DA:136,1
DA:137,1
DA:141,2
DA:142,2
DA:143,3
DA:145,2
DA:146,3
DA:147,1
DA:148,1
DA:157,3
DA:158,2
DA:159,2
DA:160,4
DA:162,2
DA:163,3
DA:164,1
DA:165,2
DA:174,3
DA:175,2
DA:176,1
DA:178,2
DA:179,2
DA:181,2
DA:182,3
DA:183,1
DA:184,2
DA:186,1
LF:85
LH:85
end_of_record
SF:lib\presentation\bloc\tv_state.dart
DA:4,46
DA:6,8
DA:7,8
DA:16,21
DA:18,8
DA:19,16
DA:24,11
DA:26,6
DA:27,12
DA:32,2
DA:34,1
DA:35,2
DA:40,2
DA:42,1
DA:43,2
DA:49,4
DA:51,1
DA:52,2
DA:58,28
DA:60,1
DA:61,2
LF:21
LH:21
end_of_record
SF:lib\presentation\pages\home_tv_page.dart
DA:19,0
DA:21,0
DA:22,0
DA:26,0
DA:28,0
DA:29,0
DA:30,0
DA:31,0
DA:32,0
DA:36,0
DA:38,0
DA:39,0
DA:40,0
DA:41,0
DA:49,0
DA:52,0
DA:53,0
DA:55,0
DA:58,0
DA:59,0
DA:62,0
DA:65,0
DA:67,0
DA:70,0
DA:71,0
DA:82,0
DA:84,0
DA:85,0
DA:86,0
DA:87,0
DA:92,0
DA:94,0
DA:95,0
DA:97,0
DA:98,0
DA:101,0
DA:102,0
DA:104,0
DA:105,0
DA:109,0
DA:110,0
DA:115,0
DA:118,0
DA:119,0
DA:121,0
DA:122,0
DA:126,0
DA:127,0
DA:132,0
DA:135,0
DA:136,0
DA:138,0
DA:139,0
DA:143,0
DA:144,0
DA:156,0
DA:158,0
DA:160,0
DA:161,0
DA:163,0
DA:165,0
DA:186,0
DA:188,0
DA:190,0
DA:192,0
DA:194,0
DA:195,0
DA:196,0
DA:197,0
DA:198,0
DA:200,0
DA:201,0
DA:204,0
DA:206,0
DA:210,0
DA:211,0
DA:212,0
DA:215,0
LF:78
LH:0
end_of_record
SF:lib\presentation\pages\search_tv_page.dart
DA:10,0
DA:12,0
DA:14,0
DA:15,0
DA:18,0
DA:20,0
DA:22,0
DA:23,0
DA:24,0
DA:25,0
DA:26,0
DA:27,0
DA:36,0
DA:38,0
DA:40,0
DA:41,0
DA:42,0
DA:46,0
DA:47,0
DA:48,0
DA:49,0
DA:50,0
DA:52,0
DA:54,0
DA:56,0
DA:67,0
DA:68,0
DA:70,0
DA:71,0
DA:72,0
DA:74,0
DA:78,0
DA:79,0
LF:33
LH:0
end_of_record
SF:lib\presentation\pages\tv_detail_page.dart
DA:17,1
DA:19,1
DA:20,1
DA:24,1
DA:26,1
DA:28,2
DA:29,6
DA:30,6
DA:31,6
DA:35,1
DA:37,1
DA:38,1
DA:39,1
DA:40,1
DA:44,1
DA:46,2
DA:47,1
DA:48,1
DA:49,1
DA:50,1
DA:53,2
DA:54,1
DA:55,2
DA:57,1
DA:58,1
DA:59,1
DA:64,1
DA:65,1
DA:66,1
DA:70,0
DA:83,1
DA:90,1
DA:92,3
DA:93,1
DA:94,1
DA:95,1
DA:96,3
DA:98,1
DA:100,0
DA:102,1
DA:104,1
DA:106,1
DA:107,1
DA:118,1
DA:119,1
DA:120,1
DA:122,1
DA:124,1
DA:126,1
DA:127,1
DA:128,2
DA:129,1
DA:131,1
DA:132,1
DA:133,1
DA:135,1
DA:136,3
DA:139,1
DA:140,3
DA:143,1
DA:149,1
DA:150,1
DA:152,1
DA:153,1
DA:154,2
DA:155,2
DA:156,1
DA:157,4
DA:158,1
DA:159,1
DA:161,2
DA:162,2
DA:166,1
DA:168,1
DA:169,1
DA:176,4
DA:177,1
DA:178,1
DA:179,1
DA:180,1
DA:186,3
DA:188,4
DA:192,1
DA:194,1
DA:196,1
DA:197,5
DA:200,1
DA:201,4
DA:202,1
DA:205,3
DA:207,1
DA:209,1
DA:212,3
DA:213,1
DA:214,3
DA:216,1
DA:218,1
DA:219,0
DA:222,0
DA:223,0
DA:225,0
DA:228,1
DA:233,1
DA:234,0
DA:239,1
DA:241,2
DA:243,1
DA:248,0
DA:260,1
DA:262,1
DA:265,1
DA:266,1
DA:267,1
DA:271,1
DA:272,1
DA:273,1
DA:276,1
DA:277,1
DA:280,1
DA:282,2
DA:283,1
DA:284,2
DA:285,1
DA:287,1
DA:288,0
DA:289,0
DA:292,0
DA:294,1
DA:299,1
DA:301,2
DA:302,1
DA:308,0
DA:318,0
DA:326,1
DA:328,1
DA:340,1
DA:342,1
DA:345,1
DA:347,0
DA:355,1
DA:357,2
DA:358,3
DA:361,1
DA:365,3
LF:144
LH:130
end_of_record
SF:lib\presentation\pages\popular_tv_page.dart
DA:11,2
DA:13,1
DA:14,1
DA:18,1
DA:20,1
DA:21,6
DA:24,1
DA:26,1
DA:27,1
DA:30,1
DA:32,1
DA:33,1
DA:34,1
DA:38,1
DA:39,1
DA:40,1
DA:41,2
DA:42,1
DA:44,2
DA:46,1
DA:47,1
DA:49,2
DA:52,0
LF:23
LH:22
end_of_record
SF:lib\presentation\pages\top_rated_tv_page.dart
DA:9,1
DA:11,1
DA:12,1
DA:16,1
DA:18,1
DA:19,6
DA:22,1
DA:24,1
DA:25,1
DA:28,1
DA:30,1
DA:31,1
DA:32,1
DA:36,1
DA:37,1
DA:38,1
DA:39,2
DA:40,1
DA:42,2
DA:44,1
DA:45,1
DA:47,2
DA:50,0
LF:23
LH:22
end_of_record
SF:lib\presentation\pages\on_the_air_tv_page.dart
DA:10,1
DA:12,1
DA:13,1
DA:17,1
DA:19,1
DA:20,6
DA:23,1
DA:25,1
DA:26,1
DA:29,1
DA:31,1
DA:32,1
DA:33,1
DA:37,1
DA:38,1
DA:39,1
DA:40,2
DA:41,1
DA:43,2
DA:45,1
DA:46,1
DA:48,2
DA:51,0
LF:23
LH:22
end_of_record
SF:lib\presentation\pages\watchlist_tv_page.dart
DA:10,0
DA:12,0
DA:13,0
DA:17,0
DA:19,0
DA:20,0
DA:23,0
DA:25,0
DA:26,0
DA:29,0
DA:31,0
DA:34,0
DA:36,0
DA:37,0
DA:40,0
DA:42,0
DA:43,0
DA:44,0
DA:48,0
DA:49,0
DA:50,0
DA:51,0
DA:52,0
DA:54,0
DA:56,0
DA:58,0
DA:68,0
DA:69,0
DA:70,0
DA:71,0
DA:73,0
DA:75,0
DA:76,0
DA:78,0
DA:81,0
DA:89,0
DA:91,0
DA:92,0
LF:38
LH:0
end_of_record
SF:lib\presentation\widgets\tv_card_list.dart
DA:10,4
DA:12,4
DA:14,4
DA:16,4
DA:17,0
DA:20,0
DA:22,4
DA:24,4
DA:25,4
DA:26,4
DA:32,4
DA:34,4
DA:35,4
DA:36,8
DA:39,4
DA:41,4
DA:42,4
DA:43,8
DA:51,4
DA:56,4
DA:57,8
DA:58,4
DA:59,12
DA:61,4
DA:62,8
DA:63,0
LF:26
LH:23
end_of_record
SF:lib\presentation\pages\tv_season_detail_page.dart
DA:18,1
DA:24,1
DA:25,1
DA:29,1
DA:31,1
DA:33,2
DA:34,1
DA:35,1
DA:36,7
DA:37,7
DA:38,7
DA:42,1
DA:44,1
DA:45,1
DA:46,1
DA:47,1
DA:51,1
DA:53,2
DA:54,1
DA:55,1
DA:56,1
DA:57,1
DA:60,2
DA:61,1
DA:62,2
DA:64,1
DA:65,1
DA:66,2
DA:67,1
DA:72,1
DA:73,1
DA:74,1
DA:78,0
DA:92,1
DA:100,1
DA:102,3
DA:104,1
DA:105,1
DA:106,2
DA:107,0
DA:108,1
DA:109,3
DA:111,1
DA:113,0
DA:115,1
DA:117,1
DA:119,1
DA:120,1
DA:131,1
DA:132,1
DA:133,1
DA:135,1
DA:137,1
DA:139,1
DA:140,1
DA:141,2
DA:142,1
DA:144,1
DA:145,1
DA:146,1
DA:148,1
DA:149,3
DA:152,1
DA:153,3
DA:156,1
DA:162,1
DA:163,1
DA:164,1
DA:165,1
DA:166,2
DA:167,2
DA:168,1
DA:169,1
DA:171,2
DA:172,2
DA:176,1
DA:178,1
DA:179,1
DA:186,4
DA:187,1
DA:188,1
DA:189,1
DA:190,1
DA:196,3
DA:198,4
DA:202,1
DA:204,1
DA:206,6
DA:212,1
DA:213,4
DA:214,1
DA:217,3
DA:219,1
DA:222,1
DA:224,3
DA:225,1
DA:226,3
DA:228,1
DA:229,1
DA:231,1
DA:232,0
DA:233,1
DA:236,1
DA:237,1
DA:242,1
DA:243,0
DA:248,1
DA:252,1
DA:254,2
DA:257,1
DA:263,0
DA:271,1
DA:285,1
DA:289,1
DA:292,1
DA:293,1
DA:294,3
DA:295,2
DA:303,1
DA:304,1
DA:305,1
DA:306,1
DA:325,1
DA:326,4
DA:327,1
DA:330,3
DA:332,1
DA:334,1
DA:336,3
DA:337,1
DA:338,3
DA:340,1
DA:342,1
DA:343,0
DA:344,0
DA:347,0
DA:348,0
DA:350,0
DA:353,1
DA:358,1
DA:359,0
DA:364,1
DA:366,2
DA:368,1
DA:373,0
DA:385,1
DA:387,1
DA:390,1
DA:391,1
DA:392,1
DA:396,1
DA:397,1
DA:398,1
DA:401,1
DA:402,1
DA:405,1
DA:407,2
DA:408,1
DA:409,2
DA:410,1
DA:412,1
DA:413,0
DA:414,0
DA:417,0
DA:419,1
DA:424,1
DA:426,2
DA:427,1
DA:433,0
DA:443,0
DA:451,1
DA:453,1
DA:465,1
DA:467,1
DA:470,1
DA:472,0
DA:480,1
DA:482,2
DA:483,3
DA:486,1
DA:490,3
LF:181
LH:162
end_of_record
