SF:lib\domain\entities\genre.dart
DA:4,7
DA:12,2
DA:13,6
LF:3
LH:3
end_of_record
SF:lib\domain\entities\movie.dart
DA:6,10
DA:22,1
DA:43,6
DA:44,6
DA:45,6
DA:46,6
DA:47,6
DA:48,6
DA:49,6
DA:50,6
DA:51,6
DA:52,6
DA:53,6
DA:54,6
DA:55,6
DA:56,6
DA:57,6
LF:17
LH:17
end_of_record
SF:lib\domain\entities\movie_detail.dart
DA:6,7
DA:34,2
DA:35,2
DA:36,2
DA:37,2
DA:38,2
DA:39,2
DA:40,2
DA:41,2
DA:42,2
DA:43,2
DA:44,2
DA:45,2
DA:46,2
LF:14
LH:14
end_of_record
SF:lib\domain\usecases\get_movie_detail.dart
DA:9,1
DA:11,1
DA:12,2
LF:3
LH:3
end_of_record
SF:lib\domain\usecases\get_movie_recommendations.dart
DA:9,1
DA:11,1
DA:12,2
LF:3
LH:3
end_of_record
SF:lib\domain\usecases\get_now_playing_movies.dart
DA:9,1
DA:11,1
DA:12,2
LF:3
LH:3
end_of_record
SF:lib\domain\usecases\get_popular_movies.dart
DA:9,1
DA:11,1
DA:12,2
LF:3
LH:3
end_of_record
SF:lib\domain\usecases\get_top_rated_movies.dart
DA:10,1
DA:12,1
DA:13,2
LF:3
LH:3
end_of_record
SF:lib\domain\usecases\get_watchlist_movies.dart
DA:9,1
DA:11,1
DA:12,2
LF:3
LH:3
end_of_record
SF:lib\domain\usecases\get_watchlist_status.dart
DA:6,1
DA:8,1
DA:9,2
LF:3
LH:3
end_of_record
SF:lib\domain\usecases\remove_watchlist.dart
DA:9,1
DA:11,1
DA:12,2
LF:3
LH:3
end_of_record
SF:lib\domain\usecases\save_watchlist.dart
DA:9,1
DA:11,1
DA:12,2
LF:3
LH:3
end_of_record
SF:lib\domain\usecases\search_movies.dart
DA:9,1
DA:11,1
DA:12,2
LF:3
LH:3
end_of_record
SF:lib\presentation\bloc\movie_event.dart
DA:4,8
DA:6,0
DA:7,0
DA:18,1
DA:20,0
DA:21,0
DA:27,2
DA:29,0
DA:30,0
DA:38,2
DA:40,0
DA:41,0
DA:46,2
DA:48,0
DA:49,0
DA:55,1
DA:57,0
DA:58,0
DA:64,0
DA:65,0
DA:66,0
LF:21
LH:6
end_of_record
SF:lib\presentation\bloc\movie_bloc.dart
DA:15,3
DA:16,2
DA:17,2
DA:18,2
DA:20,2
DA:21,3
DA:22,1
DA:23,2
DA:32,3
DA:33,2
DA:34,2
DA:35,2
DA:37,5
DA:38,3
DA:46,3
DA:47,2
DA:48,2
DA:49,2
DA:51,1
DA:52,4
DA:53,3
DA:62,0
DA:63,0
DA:64,0
DA:65,0
DA:67,0
DA:68,0
DA:69,0
DA:78,3
DA:79,2
DA:80,2
DA:81,3
DA:83,2
DA:84,3
DA:85,1
DA:86,2
DA:101,1
DA:106,2
DA:107,2
DA:108,2
DA:110,2
DA:111,1
DA:112,4
DA:113,3
DA:117,2
DA:118,2
DA:119,3
DA:120,2
DA:123,2
DA:124,2
DA:125,3
DA:127,1
DA:128,4
DA:129,3
DA:132,2
DA:133,2
DA:134,3
DA:136,1
DA:137,4
DA:138,3
DA:147,0
DA:148,0
DA:149,0
DA:151,0
DA:152,0
DA:154,0
DA:155,0
DA:156,0
DA:157,0
DA:159,0
LF:70
LH:53
end_of_record
SF:lib\presentation\bloc\movie_state.dart
DA:4,13
DA:6,5
DA:7,5
DA:16,13
DA:18,5
DA:19,10
DA:25,7
DA:27,4
DA:28,8
DA:33,2
DA:35,1
DA:36,2
DA:42,3
DA:44,1
DA:45,2
DA:51,3
DA:53,1
DA:54,2
LF:18
LH:18
end_of_record
SF:lib\presentation\pages\about_page.dart
DA:7,0
DA:9,0
DA:10,0
DA:11,0
DA:12,0
DA:13,0
DA:14,0
DA:15,0
DA:17,0
DA:18,0
DA:25,0
DA:26,0
DA:29,0
DA:31,0
DA:38,0
DA:39,0
DA:40,0
DA:41,0
LF:18
LH:0
end_of_record
SF:lib\presentation\pages\home_movie_page.dart
DA:18,0
DA:20,0
DA:21,0
DA:25,0
DA:27,0
DA:28,0
DA:29,0
DA:30,0
DA:31,0
DA:35,0
DA:37,0
DA:38,0
DA:39,0
DA:40,0
DA:48,0
DA:51,0
DA:52,0
DA:55,0
DA:58,0
DA:59,0
DA:63,0
DA:66,0
DA:68,0
DA:71,0
DA:72,0
DA:75,0
DA:76,0
DA:77,0
DA:85,0
DA:87,0
DA:88,0
DA:89,0
DA:90,0
DA:96,0
DA:98,0
DA:99,0
DA:101,0
DA:102,0
DA:104,0
DA:106,0
DA:107,0
DA:108,0
DA:112,0
DA:113,0
DA:118,0
DA:120,0
DA:121,0
DA:123,0
DA:124,0
DA:125,0
DA:129,0
DA:130,0
DA:135,0
DA:137,0
DA:138,0
DA:140,0
DA:141,0
DA:142,0
DA:146,0
DA:147,0
DA:159,0
DA:160,0
DA:162,0
DA:163,0
DA:165,0
DA:167,0
DA:184,0
DA:186,0
DA:188,0
DA:190,0
DA:192,0
DA:193,0
DA:194,0
DA:196,0
DA:197,0
DA:198,0
DA:201,0
DA:204,0
DA:206,0
DA:207,0
DA:208,0
DA:211,0
DA:217,0
LF:83
LH:0
end_of_record
SF:lib\presentation\pages\search_page.dart
DA:12,0
DA:14,0
DA:16,0
DA:17,0
DA:20,0
DA:22,0
DA:24,0
DA:25,0
DA:26,0
DA:27,0
DA:29,0
DA:30,0
DA:39,0
DA:41,0
DA:43,0
DA:44,0
DA:45,0
DA:49,0
DA:50,0
DA:51,0
DA:53,0
DA:54,0
DA:55,0
DA:57,0
DA:61,0
DA:62,0
LF:26
LH:0
end_of_record
SF:lib\presentation\pages\movie_detail_page.dart
DA:15,1
DA:17,1
DA:18,1
DA:22,1
DA:24,1
DA:25,2
DA:26,6
DA:27,1
DA:28,1
DA:29,4
DA:30,6
DA:34,1
DA:36,1
DA:37,1
DA:38,1
DA:39,1
DA:43,1
DA:45,2
DA:46,1
DA:47,1
DA:48,1
DA:49,1
DA:52,2
DA:53,1
DA:54,2
DA:57,1
DA:58,1
DA:59,1
DA:64,1
DA:65,1
DA:66,1
DA:70,0
DA:83,1
DA:86,1
DA:88,3
DA:89,1
DA:90,1
DA:91,1
DA:92,3
DA:94,1
DA:97,0
DA:99,1
DA:101,1
DA:102,1
DA:103,1
DA:113,1
DA:114,1
DA:115,1
DA:117,1
DA:119,1
DA:121,1
DA:122,1
DA:123,2
DA:124,1
DA:126,1
DA:127,1
DA:128,1
DA:130,1
DA:131,3
DA:134,0
DA:135,0
DA:138,1
DA:145,1
DA:146,1
DA:147,1
DA:148,1
DA:149,2
DA:150,2
DA:151,1
DA:152,4
DA:153,1
DA:154,1
DA:156,1
DA:157,1
DA:158,2
DA:163,1
DA:165,1
DA:166,1
DA:173,1
DA:174,3
DA:176,1
DA:177,3
DA:179,1
DA:180,1
DA:181,1
DA:182,3
DA:184,1
DA:190,4
DA:194,1
DA:196,1
DA:198,1
DA:199,2
DA:202,1
DA:204,1
DA:206,1
DA:207,1
DA:208,1
DA:212,1
DA:213,1
DA:214,1
DA:217,1
DA:218,1
DA:221,1
DA:223,1
DA:224,2
DA:225,1
DA:227,1
DA:228,0
DA:229,0
DA:232,0
DA:235,1
DA:240,1
DA:242,2
DA:243,1
DA:249,0
DA:256,2
DA:260,0
DA:268,1
DA:270,1
DA:285,1
DA:287,1
DA:290,1
DA:292,0
DA:293,0
DA:302,1
DA:304,2
DA:305,3
DA:308,1
DA:312,3
DA:315,1
DA:316,1
DA:317,1
DA:319,1
DA:320,1
DA:322,0
LF:135
LH:123
end_of_record
SF:lib\presentation\pages\popular_movies_page.dart
DA:9,1
DA:11,1
DA:12,1
DA:16,1
DA:18,1
DA:19,1
DA:20,5
DA:23,1
DA:25,1
DA:26,1
DA:29,1
DA:31,1
DA:32,1
DA:33,1
DA:37,1
DA:38,1
DA:39,1
DA:40,2
DA:41,1
DA:43,2
DA:45,1
DA:46,1
DA:48,2
DA:51,0
LF:24
LH:23
end_of_record
SF:lib\presentation\pages\top_rated_movies_page.dart
DA:8,1
DA:10,1
DA:11,1
DA:15,1
DA:17,1
DA:18,1
DA:19,5
DA:22,1
DA:24,1
DA:25,1
DA:28,1
DA:30,1
DA:31,1
DA:32,1
DA:36,1
DA:37,1
DA:38,1
DA:39,2
DA:40,1
DA:42,2
DA:44,1
DA:45,1
DA:47,2
DA:50,0
LF:24
LH:23
end_of_record
SF:lib\presentation\pages\watchlist_movies_page.dart
DA:10,0
DA:12,0
DA:13,0
DA:18,0
DA:20,0
DA:21,0
DA:22,0
DA:25,0
DA:27,0
DA:28,0
DA:31,0
DA:33,0
DA:36,0
DA:38,0
DA:39,0
DA:42,0
DA:44,0
DA:45,0
DA:46,0
DA:50,0
DA:51,0
DA:52,0
DA:53,0
DA:54,0
DA:56,0
DA:58,0
DA:59,0
DA:61,0
DA:64,0
DA:72,0
DA:74,0
DA:75,0
LF:32
LH:0
end_of_record
SF:lib\presentation\widgets\movie_card_list.dart
DA:10,2
DA:12,2
DA:14,2
DA:16,2
DA:17,0
DA:18,0
DA:21,0
DA:24,2
DA:26,2
DA:27,2
DA:28,2
DA:34,2
DA:36,2
DA:37,2
DA:38,4
DA:41,2
DA:43,2
DA:44,2
DA:45,4
DA:53,2
DA:58,2
DA:59,2
DA:60,6
DA:62,4
DA:63,2
DA:65,0
DA:67,4
LF:27
LH:23
end_of_record
